{"logLevel":"debug","message":"multithreading is set to false"}
{"logLevel":"debug","message":"Using reflection to scan dependencies for gauge implementations..."}
SLF4J: Failed to load class "org.slf4j.impl.StaticLoggerBinder".
SLF4J: Defaulting to no-operation (NOP) logger implementation
SLF4J: See http://www.slf4j.org/codes.html#StaticLoggerBinder for further details.
{"logLevel":"debug","message":"gauge-java took 629milliseconds to load and scan. This should be less than 'runner_connection_timeout' config value."}
{"logLevel":"debug","message":"run 'gauge config runner_connection_timeout' and verify that it is < 629"}
{"logLevel":"debug","message":"starting gRPC server..."}
{"logLevel":"debug","message":"started gRPC server on port 38033"}
{"logLevel":"info","message":"Listening on port:38033"}
{"logLevel":"debug","message":"Scanning packages for steps"}
{"logLevel":"debug","message":"Comparing 'example.StepImplementation.implementation1' and 'example.StepImplementation.implementation1'"}
{"logLevel":"debug","message":"Found Open the Gauge homepage in current project scope."}
{"logLevel":"debug","message":"Comparing 'example.StepImplementation.gotoGetStartedPage' and 'example.StepImplementation.gotoGetStartedPage'"}
{"logLevel":"debug","message":"Found Go to Gauge Get Started Page in current project scope."}
{"logLevel":"debug","message":"Comparing 'example.StepImplementation.ensureInstallationInstructionsAreAvailable' and 'example.StepImplementation.ensureInstallationInstructionsAreAvailable'"}
{"logLevel":"debug","message":"Found Ensure installation instructions are available in current project scope."}
{"logLevel":"debug","message":"Scanning packages for hooks"}
{"logLevel":"debug","message":"Scanned steps (using static parsing + reflections): "}
{"logLevel":"debug","message":"\tOpen the Gauge homepage : public void implementation1()"}
{"logLevel":"debug","message":"\tGo to Gauge Get Started Page : public void gotoGetStartedPage() throws InterruptedException"}
{"logLevel":"debug","message":"\tEnsure installation instructions are available : public void ensureInstallationInstructionsAreAvailable() throws InterruptedException"}
Starting ChromeDriver 83.0.4103.39 (ccbf011cb2d2b19b506d844400483861342c20cd-refs/branch-heads/4103@{#416}) on port 6777
Only local connections are allowed.
Please see https://chromedriver.chromium.org/security-considerations for suggestions on keeping ChromeDriver safe.
ChromeDriver was started successfully.
Sep 11, 2020 3:13:53 PM org.openqa.selenium.remote.ProtocolHandshake createSession
INFO: Detected dialect: W3C
{"logLevel":"debug","message":"Executing 'Open the Gauge homepage' using 'class example.StepImplementation.implementation1"}
{"logLevel":"debug","message":"Executing 'Go to Gauge Get Started Page' using 'class example.StepImplementation.gotoGetStartedPage"}
{"logLevel":"debug","message":"Executing 'Ensure installation instructions are available' using 'class example.StepImplementation.ensureInstallationInstructionsAreAvailable"}
