11-09-2020 15:13:41.267 [Gauge] [DEBUG] Created gauge_screenshots_dir at /opt/kushan/gauge/gauge-project-fb-2020-09-11/.gauge/screenshots
11-09-2020 15:13:41.268 [Gauge] [DEBUG] Plugin java is already installed.
11-09-2020 15:13:41.268 [Gauge] [DEBUG] Plugin html-report is already installed.
11-09-2020 15:13:41.268 [Gauge] [DEBUG] Parsing started.
11-09-2020 15:13:41.268 [Gauge] [DEBUG] Started concepts parsing.
11-09-2020 15:13:41.269 [Gauge] [DEBUG] 0 concepts parsing completed.
11-09-2020 15:13:41.269 [Gauge] [DEBUG] Started specifications parsing.
11-09-2020 15:13:41.269 [Gauge] [DEBUG] 1 specifications parsing completed.
11-09-2020 15:13:41.269 [Gauge] [DEBUG] Parsing completed.
11-09-2020 15:13:41.272 [java] [DEBUG] ***** Printing Properties/Env Values *****
11-09-2020 15:13:41.272 [java] [DEBUG] PATH: /usr/local/apache-maven-3.6.3/bin:/opt/maven/bin:/usr/local/apache-maven-3.6.3/bin:/opt/maven/bin:/usr/local/sbin:/usr/local/bin:/usr/sbin:/usr/bin:/sbin:/bin:/usr/games:/usr/local/games:/snap/bin:/usr/lib/jvm/jdk1.8.0_151/bin/:/usr/lib/jvm/jdk1.8.0_151/bin/:/home/tharaka/.gauge/plugins/screenshot/0.0.1
11-09-2020 15:13:41.272 [java] [DEBUG] JAVA_HOME: /usr/lib/jvm/jdk1.8.0_151/
11-09-2020 15:13:41.272 [java] [DEBUG] gauge_project_root: 
11-09-2020 15:13:41.272 [java] [DEBUG] gauge_parallel_streams_count: 
11-09-2020 15:13:41.272 [java] [DEBUG] gauge_reports_dir: reports
11-09-2020 15:13:41.272 [java] [DEBUG] overwrite_reports: true
11-09-2020 15:13:41.272 [java] [DEBUG] logs_directory: logs
11-09-2020 15:13:41.272 [java] [DEBUG] enable_multithreading: false
11-09-2020 15:13:41.272 [java] [DEBUG] gauge_specs_dir: specs
11-09-2020 15:13:41.272 [java] [DEBUG] csv_delimiter: ,
11-09-2020 15:13:41.272 [java] [DEBUG] gauge_java_home: 
11-09-2020 15:13:41.272 [java] [DEBUG] gauge_custom_build_path: 
11-09-2020 15:13:41.272 [java] [DEBUG] gauge_additional_libs: libs/*
11-09-2020 15:13:41.272 [java] [DEBUG] gauge_jvm_args: 
11-09-2020 15:13:41.272 [java] [DEBUG] gauge_custom_compile_dir: 
11-09-2020 15:13:41.272 [java] [DEBUG] gauge_clear_state_level: scenario
11-09-2020 15:13:41.272 [java] [DEBUG] ***** END *****
11-09-2020 15:13:42.919 [Gauge] [DEBUG] Checking updates...
11-09-2020 15:13:42.920 [Gauge] [DEBUG] Downloading https://downloads.gauge.org/plugin/html-report?l=java&p=html-report,java,screenshot,xml-report&o=linux&a=amd64
11-09-2020 15:13:43.477 [Gauge] [DEBUG] Downloading https://downloads.gauge.org/plugin/java?l=java&p=html-report,java,screenshot,xml-report&o=linux&a=amd64
11-09-2020 15:13:43.503 [java] [DEBUG] classpath set to /opt/kushan/gauge/gauge-project-fb-2020-09-11/target/test-classes:/opt/kushan/gauge/gauge-project-fb-2020-09-11/target/classes:/home/tharaka/.m2/repository/com/thoughtworks/gauge/gauge-java/0.7.9/gauge-java-0.7.9.jar:/home/tharaka/.m2/repository/com/github/javaparser/javaparser-core/3.16.1/javaparser-core-3.16.1.jar:/home/tharaka/.m2/repository/commons-io/commons-io/2.7/commons-io-2.7.jar:/home/tharaka/.m2/repository/commons-lang/commons-lang/2.6/commons-lang-2.6.jar:/home/tharaka/.m2/repository/org/json/json/20200518/json-20200518.jar:/home/tharaka/.m2/repository/com/google/protobuf/protobuf-java/3.12.2/protobuf-java-3.12.2.jar:/home/tharaka/.m2/repository/com/google/guava/guava/29.0-jre/guava-29.0-jre.jar:/home/tharaka/.m2/repository/com/google/guava/failureaccess/1.0.1/failureaccess-1.0.1.jar:/home/tharaka/.m2/repository/com/google/guava/listenablefuture/9999.0-empty-to-avoid-conflict-with-guava/listenablefuture-9999.0-empty-to-avoid-conflict-with-guava.jar:/home/tharaka/.m2/repository/com/google/code/findbugs/jsr305/3.0.2/jsr305-3.0.2.jar:/home/tharaka/.m2/repository/org/checkerframework/checker-qual/2.11.1/checker-qual-2.11.1.jar:/home/tharaka/.m2/repository/com/google/errorprone/error_prone_annotations/2.3.4/error_prone_annotations-2.3.4.jar:/home/tharaka/.m2/repository/com/google/j2objc/j2objc-annotations/1.3/j2objc-annotations-1.3.jar:/home/tharaka/.m2/repository/io/grpc/grpc-netty-shaded/1.30.2/grpc-netty-shaded-1.30.2.jar:/home/tharaka/.m2/repository/io/grpc/grpc-core/1.30.2/grpc-core-1.30.2.jar:/home/tharaka/.m2/repository/com/google/android/annotations/4.1.1.4/annotations-4.1.1.4.jar:/home/tharaka/.m2/repository/io/perfmark/perfmark-api/0.19.0/perfmark-api-0.19.0.jar:/home/tharaka/.m2/repository/io/grpc/grpc-protobuf/1.30.2/grpc-protobuf-1.30.2.jar:/home/tharaka/.m2/repository/io/grpc/grpc-api/1.30.2/grpc-api-1.30.2.jar:/home/tharaka/.m2/repository/io/grpc/grpc-context/1.30.2/grpc-context-1.30.2.jar:/home/tharaka/.m2/repository/com/google/api/grpc/proto-google-common-protos/1.17.0/proto-google-common-protos-1.17.0.jar:/home/tharaka/.m2/repository/io/grpc/grpc-protobuf-lite/1.30.2/grpc-protobuf-lite-1.30.2.jar:/home/tharaka/.m2/repository/org/codehaus/mojo/animal-sniffer-annotations/1.18/animal-sniffer-annotations-1.18.jar:/home/tharaka/.m2/repository/io/grpc/grpc-stub/1.30.2/grpc-stub-1.30.2.jar:/home/tharaka/.m2/repository/javax/annotation/javax.annotation-api/1.3.2/javax.annotation-api-1.3.2.jar:/home/tharaka/.m2/repository/org/assertj/assertj-core/3.10.0/assertj-core-3.10.0.jar:/home/tharaka/.m2/repository/org/seleniumhq/selenium/selenium-java/3.12.0/selenium-java-3.12.0.jar:/home/tharaka/.m2/repository/org/seleniumhq/selenium/selenium-api/3.12.0/selenium-api-3.12.0.jar:/home/tharaka/.m2/repository/org/seleniumhq/selenium/selenium-chrome-driver/3.12.0/selenium-chrome-driver-3.12.0.jar:/home/tharaka/.m2/repository/org/seleniumhq/selenium/selenium-edge-driver/3.12.0/selenium-edge-driver-3.12.0.jar:/home/tharaka/.m2/repository/org/seleniumhq/selenium/selenium-firefox-driver/3.12.0/selenium-firefox-driver-3.12.0.jar:/home/tharaka/.m2/repository/org/seleniumhq/selenium/selenium-ie-driver/3.12.0/selenium-ie-driver-3.12.0.jar:/home/tharaka/.m2/repository/org/seleniumhq/selenium/selenium-opera-driver/3.12.0/selenium-opera-driver-3.12.0.jar:/home/tharaka/.m2/repository/org/seleniumhq/selenium/selenium-remote-driver/3.12.0/selenium-remote-driver-3.12.0.jar:/home/tharaka/.m2/repository/org/seleniumhq/selenium/selenium-safari-driver/3.12.0/selenium-safari-driver-3.12.0.jar:/home/tharaka/.m2/repository/org/seleniumhq/selenium/selenium-support/3.12.0/selenium-support-3.12.0.jar:/home/tharaka/.m2/repository/net/bytebuddy/byte-buddy/1.8.3/byte-buddy-1.8.3.jar:/home/tharaka/.m2/repository/org/apache/commons/commons-exec/1.3/commons-exec-1.3.jar:/home/tharaka/.m2/repository/commons-codec/commons-codec/1.10/commons-codec-1.10.jar:/home/tharaka/.m2/repository/commons-logging/commons-logging/1.2/commons-logging-1.2.jar:/home/tharaka/.m2/repository/com/google/code/gson/gson/2.8.2/gson-2.8.2.jar:/home/tharaka/.m2/repository/org/apache/httpcomponents/httpclient/4.5.3/httpclient-4.5.3.jar:/home/tharaka/.m2/repository/org/apache/httpcomponents/httpcore/4.4.6/httpcore-4.4.6.jar:/home/tharaka/.m2/repository/com/squareup/okhttp3/okhttp/3.9.1/okhttp-3.9.1.jar:/home/tharaka/.m2/repository/com/squareup/okio/okio/1.13.0/okio-1.13.0.jar:/home/tharaka/.m2/repository/io/github/bonigarcia/webdrivermanager/3.7.1/webdrivermanager-3.7.1.jar:/home/tharaka/.m2/repository/org/slf4j/slf4j-api/1.7.25/slf4j-api-1.7.25.jar:/home/tharaka/.m2/repository/org/apache/commons/commons-lang3/3.8.1/commons-lang3-3.8.1.jar:/home/tharaka/.m2/repository/org/rauschig/jarchivelib/1.0.0/jarchivelib-1.0.0.jar:/home/tharaka/.m2/repository/org/apache/commons/commons-compress/1.18/commons-compress-1.18.jar:/home/tharaka/.m2/repository/org/jsoup/jsoup/1.11.3/jsoup-1.11.3.jar:/home/tharaka/.m2/repository/org/reflections/reflections/0.9.10/reflections-0.9.10.jar:/home/tharaka/.m2/repository/org/javassist/javassist/3.19.0-GA/javassist-3.19.0-GA.jar:/home/tharaka/.m2/repository/com/google/code/findbugs/annotations/2.0.1/annotations-2.0.1.jar
11-09-2020 15:13:43.524 [java] [DEBUG] found java executable in /usr/lib/jvm/jdk1.8.0_151/jre/bin/java
11-09-2020 15:13:43.524 [java] [DEBUG] running - /usr/lib/jvm/jdk1.8.0_151/jre/bin/java [-Dfile.encoding=UTF-8 com.thoughtworks.gauge.GaugeRuntime --start]
11-09-2020 15:13:43.524 [java] [DEBUG] stdout/stderr is logged to logs/13718-java.out
11-09-2020 15:13:43.605 [Gauge] [DEBUG] Downloading https://downloads.gauge.org/plugin/screenshot?l=java&p=html-report,java,screenshot,xml-report&o=linux&a=amd64
11-09-2020 15:13:43.719 [java] [DEBUG] multithreading is set to false
11-09-2020 15:13:43.855 [Gauge] [DEBUG] Downloading https://downloads.gauge.org/plugin/xml-report?l=java&p=html-report,java,screenshot,xml-report&o=linux&a=amd64
11-09-2020 15:13:44.003 [java] [DEBUG] Using reflection to scan dependencies for gauge implementations...
11-09-2020 15:13:44.081 [java] [ERROR] SLF4J: Failed to load class "org.slf4j.impl.StaticLoggerBinder".
11-09-2020 15:13:44.082 [java] [ERROR] SLF4J: Defaulting to no-operation (NOP) logger implementation
11-09-2020 15:13:44.082 [java] [ERROR] SLF4J: See http://www.slf4j.org/codes.html#StaticLoggerBinder for further details.
11-09-2020 15:13:44.347 [java] [DEBUG] gauge-java took 629milliseconds to load and scan. This should be less than 'runner_connection_timeout' config value.
11-09-2020 15:13:44.347 [java] [DEBUG] run 'gauge config runner_connection_timeout' and verify that it is < 629
11-09-2020 15:13:44.347 [java] [DEBUG] starting gRPC server...
11-09-2020 15:13:44.421 [java] [DEBUG] started gRPC server on port 38033
11-09-2020 15:13:44.422 [Gauge] [DEBUG] Attempting to connect to grpc server at port: 38033
11-09-2020 15:13:44.583 [Gauge] [DEBUG] Successfully made the connection with runner with port: 38033
11-09-2020 15:13:44.583 [Gauge] [DEBUG] Validation started.
11-09-2020 15:13:45.681 [java] [DEBUG] Scanning packages for steps
11-09-2020 15:13:45.694 [java] [DEBUG] Comparing 'example.StepImplementation.implementation1' and 'example.StepImplementation.implementation1'
11-09-2020 15:13:45.694 [java] [DEBUG] Found Open the Gauge homepage in current project scope.
11-09-2020 15:13:45.694 [java] [DEBUG] Comparing 'example.StepImplementation.gotoGetStartedPage' and 'example.StepImplementation.gotoGetStartedPage'
11-09-2020 15:13:45.694 [java] [DEBUG] Found Go to Gauge Get Started Page in current project scope.
11-09-2020 15:13:45.695 [java] [DEBUG] Comparing 'example.StepImplementation.ensureInstallationInstructionsAreAvailable' and 'example.StepImplementation.ensureInstallationInstructionsAreAvailable'
11-09-2020 15:13:45.695 [java] [DEBUG] Found Ensure installation instructions are available in current project scope.
11-09-2020 15:13:45.695 [java] [DEBUG] Scanning packages for hooks
11-09-2020 15:13:45.700 [java] [DEBUG] Scanned steps (using static parsing + reflections): 
11-09-2020 15:13:45.700 [java] [DEBUG] 	Open the Gauge homepage : public void implementation1()
11-09-2020 15:13:45.700 [java] [DEBUG] 	Go to Gauge Get Started Page : public void gotoGetStartedPage() throws InterruptedException
11-09-2020 15:13:45.700 [java] [DEBUG] 	Ensure installation instructions are available : public void ensureInstallationInstructionsAreAvailable() throws InterruptedException
11-09-2020 15:13:46.795 [Gauge] [DEBUG] Validation completed.
11-09-2020 15:13:46.795 [Gauge] [DEBUG] Run started
11-09-2020 15:13:46.796 [Gauge] [DEBUG] Starting Html Report plugin
11-09-2020 15:13:46.845 [Gauge] [DEBUG] Attempting to connect to grpc server at port: 40857
11-09-2020 15:13:46.846 [Gauge] [DEBUG] Successfully made the connection with plugin with port: 40857
11-09-2020 15:13:46.846 [Gauge] [DEBUG] Initialising suite data store.
11-09-2020 15:13:53.227 [java] [ERROR] Starting ChromeDriver 83.0.4103.39 (ccbf011cb2d2b19b506d844400483861342c20cd-refs/branch-heads/4103@{#416}) on port 6777
11-09-2020 15:13:53.227 [java] [ERROR] Only local connections are allowed.
11-09-2020 15:13:53.227 [java] [ERROR] Please see https://chromedriver.chromium.org/security-considerations for suggestions on keeping ChromeDriver safe.
11-09-2020 15:13:53.230 [java] [ERROR] ChromeDriver was started successfully.
11-09-2020 15:13:53.957 [java] [ERROR] Sep 11, 2020 3:13:53 PM org.openqa.selenium.remote.ProtocolHandshake createSession
11-09-2020 15:13:53.957 [java] [ERROR] INFO: Detected dialect: W3C
11-09-2020 15:13:53.986 [Gauge] [INFO] # Getting Started with Gauge
11-09-2020 15:13:53.996 [Gauge] [INFO] ## Get Started
11-09-2020 15:13:54.005 [Gauge] [DEBUG] * Open the Gauge homepage

11-09-2020 15:13:54.012 [java] [DEBUG] Executing 'Open the Gauge homepage' using 'class example.StepImplementation.implementation1
11-09-2020 15:13:57.530 [Gauge] [DEBUG] * Go to Gauge Get Started Page
11-09-2020 15:13:57.534 [java] [DEBUG] Executing 'Go to Gauge Get Started Page' using 'class example.StepImplementation.gotoGetStartedPage
11-09-2020 15:14:00.608 [Gauge] [DEBUG] * Ensure installation instructions are available
11-09-2020 15:14:00.613 [java] [DEBUG] Executing 'Ensure installation instructions are available' using 'class example.StepImplementation.ensureInstallationInstructionsAreAvailable
11-09-2020 15:14:00.769 [html-report] [DEBUG] Transformed SuiteResult to report structure
11-09-2020 15:14:01.032 [html-report] [INFO] Successfully generated html-report to => /opt/kushan/gauge/gauge-project-fb-2020-09-11/reports/html-report/index.html
11-09-2020 15:14:01.032 [html-report] [DEBUG] Done generating HTML report using theme from /home/tharaka/.gauge/plugins/html-report/4.0.12/themes/default
11-09-2020 15:14:01.032 [Gauge] [DEBUG] Sending kill message to Html Report plugin.
11-09-2020 15:14:01.646 [Gauge] [DEBUG] Runner with PID:13718 has exited
11-09-2020 15:14:01.646 [Gauge] [INFO] Specifications:	1 executed	1 passed	0 failed	0 skipped
11-09-2020 15:14:01.646 [Gauge] [INFO] Scenarios:	1 executed	1 passed	0 failed	0 skipped
11-09-2020 15:14:01.646 [Gauge] [INFO] 
Total time taken: 13.973s
11-09-2020 15:14:01.646 [Gauge] [INFO] Updates are available. Run `gauge update -c` for more info.
11-09-2020 15:14:11.172 [Gauge] [DEBUG] Created gauge_screenshots_dir at /opt/kushan/gauge/gauge-project-fb-2020-09-11/.gauge/screenshots
11-09-2020 15:14:11.173 [Gauge] [DEBUG] Plugin java is already installed.
11-09-2020 15:14:11.173 [Gauge] [DEBUG] Plugin html-report is already installed.
11-09-2020 15:14:11.173 [Gauge] [DEBUG] Parsing started.
11-09-2020 15:14:11.173 [Gauge] [DEBUG] Started concepts parsing.
11-09-2020 15:14:11.174 [Gauge] [DEBUG] 0 concepts parsing completed.
11-09-2020 15:14:11.174 [Gauge] [DEBUG] Started specifications parsing.
11-09-2020 15:14:11.175 [Gauge] [DEBUG] 1 specifications parsing completed.
11-09-2020 15:14:11.175 [Gauge] [DEBUG] Parsing completed.
11-09-2020 15:14:11.178 [java] [DEBUG] ***** Printing Properties/Env Values *****
11-09-2020 15:14:11.178 [java] [DEBUG] PATH: /usr/local/apache-maven-3.6.3/bin:/opt/maven/bin:/usr/local/apache-maven-3.6.3/bin:/opt/maven/bin:/usr/local/sbin:/usr/local/bin:/usr/sbin:/usr/bin:/sbin:/bin:/usr/games:/usr/local/games:/snap/bin:/usr/lib/jvm/jdk1.8.0_151/bin/:/usr/lib/jvm/jdk1.8.0_151/bin/:/home/tharaka/.gauge/plugins/screenshot/0.0.1
11-09-2020 15:14:11.178 [java] [DEBUG] JAVA_HOME: /usr/lib/jvm/jdk1.8.0_151/
11-09-2020 15:14:11.178 [java] [DEBUG] gauge_project_root: 
11-09-2020 15:14:11.178 [java] [DEBUG] gauge_parallel_streams_count: 
11-09-2020 15:14:11.178 [java] [DEBUG] gauge_reports_dir: reports
11-09-2020 15:14:11.178 [java] [DEBUG] overwrite_reports: true
11-09-2020 15:14:11.178 [java] [DEBUG] logs_directory: logs
11-09-2020 15:14:11.178 [java] [DEBUG] enable_multithreading: false
11-09-2020 15:14:11.178 [java] [DEBUG] gauge_specs_dir: specs
11-09-2020 15:14:11.178 [java] [DEBUG] csv_delimiter: ,
11-09-2020 15:14:11.178 [java] [DEBUG] gauge_java_home: 
11-09-2020 15:14:11.178 [java] [DEBUG] gauge_custom_build_path: 
11-09-2020 15:14:11.178 [java] [DEBUG] gauge_additional_libs: libs/*
11-09-2020 15:14:11.178 [java] [DEBUG] gauge_jvm_args: 
11-09-2020 15:14:11.178 [java] [DEBUG] gauge_custom_compile_dir: 
11-09-2020 15:14:11.178 [java] [DEBUG] gauge_clear_state_level: scenario
11-09-2020 15:14:11.178 [java] [DEBUG] ***** END *****
11-09-2020 15:14:12.628 [Gauge] [DEBUG] Checking updates...
11-09-2020 15:14:12.628 [Gauge] [DEBUG] Downloading https://downloads.gauge.org/plugin/html-report?l=java&p=html-report,java,screenshot,xml-report&o=linux&a=amd64
11-09-2020 15:14:13.358 [Gauge] [DEBUG] Downloading https://downloads.gauge.org/plugin/java?l=java&p=html-report,java,screenshot,xml-report&o=linux&a=amd64
11-09-2020 15:14:13.415 [java] [DEBUG] classpath set to /opt/kushan/gauge/gauge-project-fb-2020-09-11/target/test-classes:/opt/kushan/gauge/gauge-project-fb-2020-09-11/target/classes:/home/tharaka/.m2/repository/com/thoughtworks/gauge/gauge-java/0.7.9/gauge-java-0.7.9.jar:/home/tharaka/.m2/repository/com/github/javaparser/javaparser-core/3.16.1/javaparser-core-3.16.1.jar:/home/tharaka/.m2/repository/commons-io/commons-io/2.7/commons-io-2.7.jar:/home/tharaka/.m2/repository/commons-lang/commons-lang/2.6/commons-lang-2.6.jar:/home/tharaka/.m2/repository/org/json/json/20200518/json-20200518.jar:/home/tharaka/.m2/repository/com/google/protobuf/protobuf-java/3.12.2/protobuf-java-3.12.2.jar:/home/tharaka/.m2/repository/com/google/guava/guava/29.0-jre/guava-29.0-jre.jar:/home/tharaka/.m2/repository/com/google/guava/failureaccess/1.0.1/failureaccess-1.0.1.jar:/home/tharaka/.m2/repository/com/google/guava/listenablefuture/9999.0-empty-to-avoid-conflict-with-guava/listenablefuture-9999.0-empty-to-avoid-conflict-with-guava.jar:/home/tharaka/.m2/repository/com/google/code/findbugs/jsr305/3.0.2/jsr305-3.0.2.jar:/home/tharaka/.m2/repository/org/checkerframework/checker-qual/2.11.1/checker-qual-2.11.1.jar:/home/tharaka/.m2/repository/com/google/errorprone/error_prone_annotations/2.3.4/error_prone_annotations-2.3.4.jar:/home/tharaka/.m2/repository/com/google/j2objc/j2objc-annotations/1.3/j2objc-annotations-1.3.jar:/home/tharaka/.m2/repository/io/grpc/grpc-netty-shaded/1.30.2/grpc-netty-shaded-1.30.2.jar:/home/tharaka/.m2/repository/io/grpc/grpc-core/1.30.2/grpc-core-1.30.2.jar:/home/tharaka/.m2/repository/com/google/android/annotations/4.1.1.4/annotations-4.1.1.4.jar:/home/tharaka/.m2/repository/io/perfmark/perfmark-api/0.19.0/perfmark-api-0.19.0.jar:/home/tharaka/.m2/repository/io/grpc/grpc-protobuf/1.30.2/grpc-protobuf-1.30.2.jar:/home/tharaka/.m2/repository/io/grpc/grpc-api/1.30.2/grpc-api-1.30.2.jar:/home/tharaka/.m2/repository/io/grpc/grpc-context/1.30.2/grpc-context-1.30.2.jar:/home/tharaka/.m2/repository/com/google/api/grpc/proto-google-common-protos/1.17.0/proto-google-common-protos-1.17.0.jar:/home/tharaka/.m2/repository/io/grpc/grpc-protobuf-lite/1.30.2/grpc-protobuf-lite-1.30.2.jar:/home/tharaka/.m2/repository/org/codehaus/mojo/animal-sniffer-annotations/1.18/animal-sniffer-annotations-1.18.jar:/home/tharaka/.m2/repository/io/grpc/grpc-stub/1.30.2/grpc-stub-1.30.2.jar:/home/tharaka/.m2/repository/javax/annotation/javax.annotation-api/1.3.2/javax.annotation-api-1.3.2.jar:/home/tharaka/.m2/repository/org/assertj/assertj-core/3.10.0/assertj-core-3.10.0.jar:/home/tharaka/.m2/repository/org/seleniumhq/selenium/selenium-java/3.12.0/selenium-java-3.12.0.jar:/home/tharaka/.m2/repository/org/seleniumhq/selenium/selenium-api/3.12.0/selenium-api-3.12.0.jar:/home/tharaka/.m2/repository/org/seleniumhq/selenium/selenium-chrome-driver/3.12.0/selenium-chrome-driver-3.12.0.jar:/home/tharaka/.m2/repository/org/seleniumhq/selenium/selenium-edge-driver/3.12.0/selenium-edge-driver-3.12.0.jar:/home/tharaka/.m2/repository/org/seleniumhq/selenium/selenium-firefox-driver/3.12.0/selenium-firefox-driver-3.12.0.jar:/home/tharaka/.m2/repository/org/seleniumhq/selenium/selenium-ie-driver/3.12.0/selenium-ie-driver-3.12.0.jar:/home/tharaka/.m2/repository/org/seleniumhq/selenium/selenium-opera-driver/3.12.0/selenium-opera-driver-3.12.0.jar:/home/tharaka/.m2/repository/org/seleniumhq/selenium/selenium-remote-driver/3.12.0/selenium-remote-driver-3.12.0.jar:/home/tharaka/.m2/repository/org/seleniumhq/selenium/selenium-safari-driver/3.12.0/selenium-safari-driver-3.12.0.jar:/home/tharaka/.m2/repository/org/seleniumhq/selenium/selenium-support/3.12.0/selenium-support-3.12.0.jar:/home/tharaka/.m2/repository/net/bytebuddy/byte-buddy/1.8.3/byte-buddy-1.8.3.jar:/home/tharaka/.m2/repository/org/apache/commons/commons-exec/1.3/commons-exec-1.3.jar:/home/tharaka/.m2/repository/commons-codec/commons-codec/1.10/commons-codec-1.10.jar:/home/tharaka/.m2/repository/commons-logging/commons-logging/1.2/commons-logging-1.2.jar:/home/tharaka/.m2/repository/com/google/code/gson/gson/2.8.2/gson-2.8.2.jar:/home/tharaka/.m2/repository/org/apache/httpcomponents/httpclient/4.5.3/httpclient-4.5.3.jar:/home/tharaka/.m2/repository/org/apache/httpcomponents/httpcore/4.4.6/httpcore-4.4.6.jar:/home/tharaka/.m2/repository/com/squareup/okhttp3/okhttp/3.9.1/okhttp-3.9.1.jar:/home/tharaka/.m2/repository/com/squareup/okio/okio/1.13.0/okio-1.13.0.jar:/home/tharaka/.m2/repository/io/github/bonigarcia/webdrivermanager/3.7.1/webdrivermanager-3.7.1.jar:/home/tharaka/.m2/repository/org/slf4j/slf4j-api/1.7.25/slf4j-api-1.7.25.jar:/home/tharaka/.m2/repository/org/apache/commons/commons-lang3/3.8.1/commons-lang3-3.8.1.jar:/home/tharaka/.m2/repository/org/rauschig/jarchivelib/1.0.0/jarchivelib-1.0.0.jar:/home/tharaka/.m2/repository/org/apache/commons/commons-compress/1.18/commons-compress-1.18.jar:/home/tharaka/.m2/repository/org/jsoup/jsoup/1.11.3/jsoup-1.11.3.jar:/home/tharaka/.m2/repository/org/reflections/reflections/0.9.10/reflections-0.9.10.jar:/home/tharaka/.m2/repository/org/javassist/javassist/3.19.0-GA/javassist-3.19.0-GA.jar:/home/tharaka/.m2/repository/com/google/code/findbugs/annotations/2.0.1/annotations-2.0.1.jar
11-09-2020 15:14:13.424 [java] [DEBUG] found java executable in /usr/lib/jvm/jdk1.8.0_151/jre/bin/java
11-09-2020 15:14:13.424 [java] [DEBUG] running - /usr/lib/jvm/jdk1.8.0_151/jre/bin/java [-Dfile.encoding=UTF-8 com.thoughtworks.gauge.GaugeRuntime --start]
11-09-2020 15:14:13.424 [java] [DEBUG] stdout/stderr is logged to logs/14030-java.out
11-09-2020 15:14:13.515 [Gauge] [DEBUG] Downloading https://downloads.gauge.org/plugin/screenshot?l=java&p=html-report,java,screenshot,xml-report&o=linux&a=amd64
11-09-2020 15:14:13.561 [java] [DEBUG] multithreading is set to false
11-09-2020 15:14:13.753 [Gauge] [DEBUG] Downloading https://downloads.gauge.org/plugin/xml-report?l=java&p=html-report,java,screenshot,xml-report&o=linux&a=amd64
11-09-2020 15:14:13.848 [java] [DEBUG] Using reflection to scan dependencies for gauge implementations...
11-09-2020 15:14:13.958 [java] [ERROR] SLF4J: Failed to load class "org.slf4j.impl.StaticLoggerBinder".
11-09-2020 15:14:13.963 [java] [ERROR] SLF4J: Defaulting to no-operation (NOP) logger implementation
11-09-2020 15:14:13.966 [java] [ERROR] SLF4J: See http://www.slf4j.org/codes.html#StaticLoggerBinder for further details.
11-09-2020 15:14:14.236 [java] [DEBUG] gauge-java took 674milliseconds to load and scan. This should be less than 'runner_connection_timeout' config value.
11-09-2020 15:14:14.236 [java] [DEBUG] run 'gauge config runner_connection_timeout' and verify that it is < 674
11-09-2020 15:14:14.236 [java] [DEBUG] starting gRPC server...
11-09-2020 15:14:14.347 [java] [DEBUG] started gRPC server on port 45445
11-09-2020 15:14:14.347 [Gauge] [DEBUG] Attempting to connect to grpc server at port: 45445
11-09-2020 15:14:14.509 [Gauge] [DEBUG] Successfully made the connection with runner with port: 45445
11-09-2020 15:14:14.509 [Gauge] [DEBUG] Validation started.
11-09-2020 15:14:15.455 [java] [DEBUG] Scanning packages for steps
11-09-2020 15:14:15.469 [java] [DEBUG] Comparing 'example.StepImplementation.implementation1' and 'example.StepImplementation.implementation1'
11-09-2020 15:14:15.469 [java] [DEBUG] Found Open the Gauge homepage in current project scope.
11-09-2020 15:14:15.470 [java] [DEBUG] Comparing 'example.StepImplementation.gotoGetStartedPage' and 'example.StepImplementation.gotoGetStartedPage'
11-09-2020 15:14:15.470 [java] [DEBUG] Found Go to Gauge Get Started Page in current project scope.
11-09-2020 15:14:15.470 [java] [DEBUG] Comparing 'example.StepImplementation.ensureInstallationInstructionsAreAvailable' and 'example.StepImplementation.ensureInstallationInstructionsAreAvailable'
11-09-2020 15:14:15.470 [java] [DEBUG] Found Ensure installation instructions are available in current project scope.
11-09-2020 15:14:15.470 [java] [DEBUG] Scanning packages for hooks
11-09-2020 15:14:15.476 [java] [DEBUG] Scanned steps (using static parsing + reflections): 
11-09-2020 15:14:15.476 [java] [DEBUG] 	Open the Gauge homepage : public void implementation1()
11-09-2020 15:14:15.476 [java] [DEBUG] 	Go to Gauge Get Started Page : public void gotoGetStartedPage() throws InterruptedException
11-09-2020 15:14:15.476 [java] [DEBUG] 	Ensure installation instructions are available : public void ensureInstallationInstructionsAreAvailable() throws InterruptedException
11-09-2020 15:14:16.526 [Gauge] [DEBUG] Validation completed.
11-09-2020 15:14:16.526 [Gauge] [DEBUG] Run started
11-09-2020 15:14:16.527 [Gauge] [DEBUG] Starting Html Report plugin
11-09-2020 15:14:16.532 [Gauge] [DEBUG] Attempting to connect to grpc server at port: 43253
11-09-2020 15:14:16.532 [Gauge] [DEBUG] Successfully made the connection with plugin with port: 43253
11-09-2020 15:14:16.532 [Gauge] [DEBUG] Initialising suite data store.
11-09-2020 15:14:16.996 [java] [ERROR] Starting ChromeDriver 83.0.4103.39 (ccbf011cb2d2b19b506d844400483861342c20cd-refs/branch-heads/4103@{#416}) on port 19297
11-09-2020 15:14:16.997 [java] [ERROR] Only local connections are allowed.
11-09-2020 15:14:16.997 [java] [ERROR] Please see https://chromedriver.chromium.org/security-considerations for suggestions on keeping ChromeDriver safe.
11-09-2020 15:14:16.997 [java] [ERROR] ChromeDriver was started successfully.
11-09-2020 15:14:17.800 [java] [ERROR] Sep 11, 2020 3:14:17 PM org.openqa.selenium.remote.ProtocolHandshake createSession
11-09-2020 15:14:17.800 [java] [ERROR] INFO: Detected dialect: W3C
11-09-2020 15:14:17.829 [Gauge] [INFO] # Getting Started with Gauge
11-09-2020 15:14:17.847 [Gauge] [INFO] ## Get Started
11-09-2020 15:14:17.858 [Gauge] [DEBUG] * Open the Gauge homepage

11-09-2020 15:14:17.867 [java] [DEBUG] Executing 'Open the Gauge homepage' using 'class example.StepImplementation.implementation1
11-09-2020 15:14:22.277 [Gauge] [DEBUG] * Go to Gauge Get Started Page
11-09-2020 15:14:22.280 [java] [DEBUG] Executing 'Go to Gauge Get Started Page' using 'class example.StepImplementation.gotoGetStartedPage
11-09-2020 15:14:25.076 [Gauge] [DEBUG] * Ensure installation instructions are available
11-09-2020 15:14:25.081 [java] [DEBUG] Executing 'Ensure installation instructions are available' using 'class example.StepImplementation.ensureInstallationInstructionsAreAvailable
11-09-2020 15:14:25.299 [html-report] [DEBUG] Transformed SuiteResult to report structure
11-09-2020 15:14:25.310 [html-report] [INFO] Successfully generated html-report to => /opt/kushan/gauge/gauge-project-fb-2020-09-11/reports/html-report/index.html
11-09-2020 15:14:25.310 [html-report] [DEBUG] Done generating HTML report using theme from /home/tharaka/.gauge/plugins/html-report/4.0.12/themes/default
11-09-2020 15:14:25.310 [Gauge] [DEBUG] Sending kill message to Html Report plugin.
11-09-2020 15:14:25.719 [Gauge] [DEBUG] Runner with PID:14030 has exited
11-09-2020 15:14:25.719 [Gauge] [INFO] Specifications:	1 executed	1 passed	0 failed	0 skipped
11-09-2020 15:14:25.719 [Gauge] [INFO] Scenarios:	1 executed	1 passed	0 failed	0 skipped
11-09-2020 15:14:25.719 [Gauge] [INFO] 
Total time taken: 8.772s
11-09-2020 15:14:25.719 [Gauge] [INFO] Updates are available. Run `gauge update -c` for more info.
